<?xml version="1.0" encoding="UTF-8"?>
<nodeTypes xmlns:nt="http://www.jcp.org/jcr/nt/1.0" xmlns:mix="http://www.jcp.org/jcr/mix/1.0"
  xmlns:jcr="http://www.jcp.org/jcr/1.0">

  <!-- Nodetypes for tests -->

  <nodeType name="exo:hiddenable" isMixin="true" hasOrderableChildNodes="false" primaryItemName="">
    <propertyDefinitions>
    </propertyDefinitions>
  </nodeType>
  <nodeType name="exo:trashFolder" isMixin="true" hasOrderableChildNodes="false" primaryItemName="">
  </nodeType>

  <nodeType name="exo:rss-enable" isMixin="true" hasOrderableChildNodes="false" primaryItemName="">
    <propertyDefinitions>
      <propertyDefinition name="exo:title" requiredType="String" autoCreated="false"
        mandatory="true" onParentVersion="COPY" protected="false" multiple="false">
        <valueConstraints />
      </propertyDefinition>
      <propertyDefinition name="exo:summary" requiredType="String" autoCreated="false"
        mandatory="false" onParentVersion="COPY" protected="false" multiple="false">
        <valueConstraints />
      </propertyDefinition>
    </propertyDefinitions>
  </nodeType>

  <nodeType name="exo:sortable" isMixin="true" hasOrderableChildNodes="false" primaryItemName="">
    <propertyDefinitions>
      <propertyDefinition name="exo:index" requiredType="Long" autoCreated="true"
        mandatory="false" onParentVersion="COPY" protected="false" multiple="false">
        <valueConstraints />
        <defaultValues>
          <defaultValue>1000</defaultValue>
        </defaultValues>
      </propertyDefinition>
      <propertyDefinition name="exo:title" requiredType="String" autoCreated="true"
        mandatory="false" onParentVersion="COPY" protected="false" multiple="false">
        <valueConstraints />
      </propertyDefinition>
      <propertyDefinition name="exo:titlePublished" requiredType="String" autoCreated="true"
        mandatory="false" onParentVersion="COPY" protected="false" multiple="false">
        <valueConstraints />
      </propertyDefinition>
      <propertyDefinition name="exo:name" requiredType="String" autoCreated="true"
        mandatory="false" onParentVersion="COPY" protected="false" multiple="false">
        <valueConstraints />
      </propertyDefinition>
      <propertyDefinition name="publication:liveDate" requiredType="Date" autoCreated="true"
        mandatory="false" onParentVersion="COPY" protected="false" multiple="false">
        <valueConstraints />
      </propertyDefinition>
    </propertyDefinitions>
  </nodeType>

  <nodeType name="exo:modify" isMixin="true" hasOrderableChildNodes="false" primaryItemName="">
    <propertyDefinitions>
      <propertyDefinition name="exo:lastModifiedDate" requiredType="Date" autoCreated="true"
        mandatory="false" onParentVersion="COPY" protected="false" multiple="false">
        <valueConstraints />
      </propertyDefinition>
      <propertyDefinition name="exo:lastModifier" requiredType="String" autoCreated="true"
        mandatory="false" onParentVersion="COPY" protected="false" multiple="false">
        <valueConstraints />
      </propertyDefinition>
    </propertyDefinitions>
  </nodeType>  
  
  <!-- Nodetypes for JCR org-service -->
  <nodeType name="exo:datetime" isMixin="true" hasOrderableChildNodes="false" primaryItemName="">
    <propertyDefinitions>
      <propertyDefinition name="exo:dateCreated" requiredType="Date" autoCreated="true"
        mandatory="false" onParentVersion="COPY" protected="false" multiple="false">
        <valueConstraints />
      </propertyDefinition>
      <propertyDefinition name="exo:dateModified" requiredType="Date" autoCreated="true"
        mandatory="false" onParentVersion="COPY" protected="false" multiple="false">
        <valueConstraints />
      </propertyDefinition>
    </propertyDefinitions>
  </nodeType>

</nodeTypes>