<?xml version="1.0" encoding="ISO-8859-1"?>
<!--

    Copyright (C) 2016 eXo Platform SAS.
    
    This is free software; you can redistribute it and/or modify it
    under the terms of the GNU Lesser General Public License as
    published by the Free Software Foundation; either version 2.1 of
    the License, or (at your option) any later version.
    
    This software is distributed in the hope that it will be useful,
    but WITHOUT ANY WARRANTY; without even the implied warranty of
    MERCHANTABILITY or FITNESS FOR A PARTICULAR PURPOSE. See the GNU
    Lesser General Public License for more details.
    
    You should have received a copy of the GNU Lesser General Public
    License along with this software; if not, write to the Free
    Software Foundation, Inc., 51 Franklin St, Fifth Floor, Boston, MA
    02110-1301 USA, or see the FSF site: http://www.fsf.org.

-->

<configuration xmlns:xsi="http://www.w3.org/2001/XMLSchema-instance"
  xsi:schemaLocation="http://www.exoplatform.org/xml/ns/kernel_1_2.xsd http://www.exoplatform.org/xml/ns/kernel_1_2.xsd"
  xmlns="http://www.exoplatform.org/xml/ns/kernel_1_2.xsd">

  <component>
    <key>org.exoplatform.services.naming.InitialContextInitializer</key>
    <type>org.exoplatform.services.naming.InitialContextInitializer</type>
    <init-params>
      <properties-param>
        <name>default-properties</name>
        <description>Default initial context properties</description>
        <property name="java.naming.factory.initial" value="org.exoplatform.services.naming.SimpleContextFactory" />
      </properties-param>
    </init-params>
  </component>

  <component>
    <key>org.exoplatform.outlook.jcr.ContentLink</key>
    <type>org.exoplatform.outlook.jcr.ContentLink</type>
  </component>

  <component>
    <key>org.exoplatform.outlook.jcr.NodeFinder</key>
    <type>org.exoplatform.outlook.jcr.JCRNodeFinder</type>
  </component>

  <component>
    <key>org.exoplatform.services.idgenerator.IDGeneratorService</key>
    <type>org.exoplatform.services.idgenerator.impl.IDGeneratorServiceImpl</type>
  </component>

  <component>
    <type>org.exoplatform.services.security.IdentityRegistry</type>
  </component>

  <component>
    <key>org.exoplatform.services.document.DocumentReaderService</key>
    <type>org.exoplatform.services.document.impl.DocumentReaderServiceImpl</type>
  </component>

  <component>
    <key>org.exoplatform.services.listener.ListenerService</key>
    <type>org.exoplatform.services.listener.ListenerService</type>
  </component>

  <component>
    <type>org.exoplatform.web.security.codec.CodecInitializer</type>
    <init-params />
  </component>

  <component>
    <key>org.exoplatform.web.security.security.CookieTokenService</key>
    <type>org.exoplatform.web.security.security.CookieTokenService</type>
    <init-params>
      <values-param>
        <name>service.configuration</name>
        <value>jcr-token</value>
        <value>7</value>
        <value>DAY</value>
        <value>autologin</value>
      </values-param>
    </init-params>
  </component>

  <component>
    <type>org.exoplatform.services.cms.impl.DMSConfiguration</type>
  </component>
  
  <component>
    <key>org.exoplatform.services.cms.link.LinkManager</key>
    <type>org.exoplatform.services.cms.link.impl.LinkManagerImpl</type>
  </component>

    <component>
    <key>org.exoplatform.services.cache.CacheService</key>
    <jmx-name>cache:type=CacheService</jmx-name>
    <type>org.exoplatform.services.cache.impl.CacheServiceImpl</type>
    <init-params>
      <object-param>
        <name>cache.config.default</name>
        <object type="org.exoplatform.services.cache.ExoCacheConfig">
          <field name="name">
            <string>default</string>
          </field>
          <field name="maxSize">
            <int>30000</int>
          </field>
          <field name="liveTime">
            <long>60000</long>
          </field>
          <field name="distributed">
            <boolean>false</boolean>
          </field>
          <field name="implementation">
            <string>org.exoplatform.services.cache.concurrent.ConcurrentFIFOExoCache</string>
          </field>
        </object>
      </object-param>
    </init-params>
  </component>

  <external-component-plugins>
    <target-component>org.exoplatform.services.cache.CacheService</target-component>
    <component-plugin>
      <name>addExoCacheConfig</name>
      <set-method>addExoCacheConfig</set-method>
      <type>org.exoplatform.services.cache.ExoCacheConfigPlugin</type>
      <description></description>
      <init-params>
        <object-param>
          <name>OutlookContentLinkCache</name>
          <description></description>
          <object type="org.exoplatform.services.cache.ExoCacheConfig">
            <field name="name">
              <string>OutlookContentLinkCache</string>
            </field>
            <field name="maxSize">
              <int>300</int>
            </field>
            <field name="liveTime">
              <long>5</long>
            </field>
            <field name="implementation">
              <string>org.exoplatform.services.cache.concurrent.ConcurrentFIFOExoCache</string>
            </field>
          </object>
        </object-param>
        <object-param profiles="cluster">
          <name>OutlookContentLinkCache</name>
          <description>The JBoss Cache configuration for the IdentityCache</description>
          <object type="org.exoplatform.services.cache.impl.infinispan.generic.GenericExoCacheConfig">
            <field name="name">
              <string>OutlookContentLinkCache</string>
            </field>
            <field name="strategy">
              <string>LIRS</string>
            </field>
            <field name="maxEntries">
              <int>300</int>
            </field>
            <field name="lifespan">
              <long>5</long>
            </field>
            <field name="replicated">
              <boolean>true</boolean>
            </field>
          </object>
        </object-param>
      </init-params>
    </component-plugin>
  </external-component-plugins>

  <import>classpath:/conf/portal/test-jcr-configuration.xml</import>
  <import>classpath:/conf/portal/test-organization-configuration.xml</import>

</configuration>