<?xml version="1.0" encoding="ISO-8859-1"?>
<!--

    Copyright (C) 2016 eXo Platform SAS.
    
    This is free software; you can redistribute it and/or modify it
    under the terms of the GNU Lesser General Public License as
    published by the Free Software Foundation; either version 2.1 of
    the License, or (at your option) any later version.
    
    This software is distributed in the hope that it will be useful,
    but WITHOUT ANY WARRANTY; without even the implied warranty of
    MERCHANTABILITY or FITNESS FOR A PARTICULAR PURPOSE. See the GNU
    Lesser General Public License for more details.
    
    You should have received a copy of the GNU Lesser General Public
    License along with this software; if not, write to the Free
    Software Foundation, Inc., 51 Franklin St, Fifth Floor, Boston, MA
    02110-1301 USA, or see the FSF site: http://www.fsf.org.

-->

<configuration xmlns:xsi="http://www.w3.org/2001/XMLSchema-instance"
  xsi:schemaLocation="http://www.exoplatform.org/xml/ns/kernel_1_2.xsd http://www.exoplatform.org/xml/ns/kernel_1_2.xsd"
  xmlns="http://www.exoplatform.org/xml/ns/kernel_1_2.xsd">

  <component>
    <key>org.exoplatform.services.log.LogConfigurationInitializer</key>
    <type>org.exoplatform.services.log.LogConfigurationInitializer</type>
    <init-params>
      <value-param>
        <name>logger</name>
        <value>org.exoplatform.services.log.impl.BufferedLog4JLogger</value>
      </value-param>
      <value-param>
        <name>configurator</name>
        <value>org.exoplatform.services.log.impl.Log4JConfigurator</value>
      </value-param>
      <properties-param>
        <name>properties</name>
        <description>Log4J properties</description>
        <property name="log4j.rootLogger" value="INFO, stdout, file" />

        <property name="log4j.appender.stdout" value="org.apache.log4j.ConsoleAppender" />
        <property name="log4j.appender.stdout.threshold" value="DEBUG" />

        <property name="log4j.appender.stdout.layout" value="org.apache.log4j.PatternLayout" />
        <property name="log4j.appender.stdout.layout.ConversionPattern" value="%d{dd.MM.yyyy HH:mm:ss} *%-5p* [%t] %c{1}: %m (%F, line %L) %n" />

        <property name="log4j.appender.file" value="org.apache.log4j.FileAppender" />
        <property name="log4j.appender.file.File" value="target/jcr.log" />

        <property name="log4j.appender.file.layout" value="org.apache.log4j.PatternLayout" />
        <property name="log4j.appender.file.layout.ConversionPattern" value="%d{dd.MM.yyyy HH:mm:ss} *%-5p* [%t] %c{1}: %m (%F, line %L) %n" />

        <property name="log4j.category.org.exoplatform.outlook" value="DEBUG" />

      </properties-param>
    </init-params>
  </component>

  <component>
    <key>org.exoplatform.services.jcr.config.RepositoryServiceConfiguration</key>
    <type>org.exoplatform.services.jcr.impl.config.RepositoryServiceConfigurationImpl</type>
    <init-params>
      <value-param>
        <name>conf-path</name>
        <description>JCR configuration file</description>
        <value>file:///${gatein.conf.dir}/portal/test-repository-configuration.xml</value>
      </value-param>
    </init-params>
  </component>

  <!-- component>
    <key>org.exoplatform.services.jcr.config.RepositoryServiceConfiguration</key>
    <type>org.exoplatform.services.jcr.impl.config.RepositoryServiceConfigurationImpl</type>
    <init-params>
      <value-param>
        <name>conf-path</name>
        <description>JCR configuration file</description>
        <value>classpath:/conf/portal/test-repository-configuration.xml</value>
      </value-param>
      <properties-param>
        <name>working-conf</name>
        <description>working-conf</description>
        <property name="source-name" value="jdbcexo" />
        <property name="dialect" value="hsqldb" />
        <property name="persister-class-name" value="org.exoplatform.services.jcr.impl.config.JDBCConfigurationPersister" />
      </properties-param>
    </init-params>
  </component -->

  <component>
    <key>org.exoplatform.services.jcr.RepositoryService</key>
    <type>org.exoplatform.services.jcr.impl.RepositoryServiceImpl</type>
  </component>

  <component>
    <key>org.exoplatform.services.jcr.ext.distribution.DataDistributionManager</key>
    <type>org.exoplatform.services.jcr.ext.distribution.impl.DataDistributionManagerImpl</type>
  </component>

  <component>
    <key>org.exoplatform.services.jcr.ext.hierarchy.NodeHierarchyCreator</key>
    <type>org.exoplatform.services.jcr.ext.hierarchy.impl.NodeHierarchyCreatorImpl</type>
  </component>

  <component>
    <type>org.exoplatform.services.jcr.ext.app.ThreadLocalSessionProviderService</type>
  </component>

  <component>
    <type>org.exoplatform.services.jcr.impl.ext.action.SessionActionCatalog</type>
  </component>

  <component>
    <key>org.exoplatform.services.organization.OrganizationService</key>
    <type>org.exoplatform.services.jcr.ext.organization.JCROrganizationServiceImpl</type>
    <init-params>
      <value-param>
        <name>storage-workspace</name>
        <description>Workspace in default repository where organization storage will be created</description>
        <value>${gatein.jcr.workspace.system}</value>
      </value-param>
    </init-params>
  </component>

  <external-component-plugins>
    <target-component>org.exoplatform.services.jcr.RepositoryService</target-component>
    <component-plugin>
      <name>add.namespaces</name>
      <set-method>addPlugin</set-method>
      <type>org.exoplatform.services.jcr.impl.AddNamespacesPlugin</type>
      <init-params>
        <properties-param>
          <name>namespaces</name>
          <property name="dc" value="http://purl.org/dc/elements/1.1/" />
          <property name="jos" value="http://www.exoplatform.com/jcr-services/organization-service/1.0/" />
          <property name="publication" value="http://www.exoplatform.com/jcr/publication/1.1/"/>
          <property name="mso" value="http://www.exoplatform.com/jcr/microsoftoffice/1.0/" />
        </properties-param>
      </init-params>
    </component-plugin>
    <component-plugin>
      <name>add.nodeType</name>
      <set-method>addPlugin</set-method>
      <type>org.exoplatform.services.jcr.impl.AddNodeTypePlugin</type>
      <init-params>
        <values-param>
          <name>autoCreatedInNewRepository</name>
          <description>Node types configuration file for JCR Org service</description>
          <value>jar:/conf/organization-nodetypes.xml</value>
        </values-param>
      </init-params>
    </component-plugin>
    <component-plugin>
      <name>add.nodeType</name>
      <set-method>addPlugin</set-method>
      <type>org.exoplatform.services.jcr.impl.AddNodeTypePlugin</type>
      <init-params>
        <values-param>
          <name>autoCreatedInNewRepository</name>
          <description>Outlook node types configuration file</description>
          <value>jar:/conf/portal/jcr/outlook-nodetypes.xml</value>
        </values-param>
      </init-params>
    </component-plugin>
    <component-plugin>
      <name>add.test.nodeType</name>
      <set-method>addPlugin</set-method>
      <type>org.exoplatform.services.jcr.impl.AddNodeTypePlugin</type>
      <init-params>
        <values-param>
          <name>autoCreatedInNewRepository</name>
          <description>Node types configuration file for tests</description>
          <value>jar:/conf/portal/jcr/test-nodetypes.xml</value>
        </values-param>
      </init-params>
    </component-plugin>
  </external-component-plugins>

  <!-- HSQLDB Configuration -->
  <external-component-plugins>
    <target-component>org.exoplatform.services.naming.InitialContextInitializer</target-component>
    <component-plugin>
      <name>bind.datasource</name>
      <set-method>addPlugin</set-method>
      <type>org.exoplatform.services.naming.BindReferencePlugin</type>
      <init-params>
        <value-param>
          <name>bind-name</name>
          <value>${gatein.jcr.repository.default}</value>
        </value-param>
        <value-param>
          <name>class-name</name>
          <value>javax.sql.DataSource</value>
        </value-param>
        <value-param>
          <name>factory</name>
          <value>org.apache.commons.dbcp.BasicDataSourceFactory</value>
        </value-param>
        <properties-param>
          <name>ref-addresses</name>
          <description>ref-addresses</description>
          <property name="driverClassName" value="org.hsqldb.jdbcDriver" />
          <property name="url"
            value="jdbc:hsqldb:file:${gatein.data.dir}/hsqldb/${exo.test.type:test}/${gatein.jcr.repository.default}" />
          <property name="username" value="sa" />
          <property name="password" value="" />
        </properties-param>
      </init-params>
    </component-plugin>
  </external-component-plugins>
  
  <external-component-plugins>
    <target-component>org.exoplatform.services.jcr.ext.hierarchy.NodeHierarchyCreator</target-component>
    <component-plugin>
      <name>addPaths</name>
      <set-method>addPlugin</set-method>
      <type>org.exoplatform.services.jcr.ext.hierarchy.impl.AddPathPlugin</type>    
      <init-params>
        <object-param>
          <name>cms.configuration</name>
          <description>configuration for public tag node</description>
          <object type="org.exoplatform.services.jcr.ext.hierarchy.impl.HierarchyConfig">
            <field name="workspaces">
              <collection type="java.util.ArrayList">
                <value><string>collaboration</string></value>                               
              </collection>               
            </field>
            <field  name="jcrPaths">
              <collection type="java.util.ArrayList">
              <value>              	
	              	<object type="org.exoplatform.services.jcr.ext.hierarchy.impl.HierarchyConfig$JcrPath">              	 	
	              		<field  name="alias"><string>newDocumentsTrashPath</string></field>
	                  <field  name="path"><string>/Trash</string></field>
                    <field name="mixinTypes">
                      <collection type="java.util.ArrayList">
                        <value><string>exo:hiddenable</string></value>
                        <value><string>exo:trashFolder</string></value>
                      </collection>
                    </field>                      
	                  <field name="permissions">
			                <collection type="java.util.ArrayList">               
			                  <value>                            
			                    <object type="org.exoplatform.services.jcr.ext.hierarchy.impl.HierarchyConfig$Permission">             
			                      <field name="identity"><string>*:/platform/administrators</string></field>
			                      <field name="read"><string>true</string></field>                
			                      <field name="addNode"><string>true</string></field>                
			                      <field name="setProperty"><string>true</string></field>                
			                      <field name="remove"><string>true</string></field>                
			                    </object>  
			                  </value>
			                </collection>
			              </field>   			               
	              	</object>
              	</value>              		          
                <value>               
                  <object type="org.exoplatform.services.jcr.ext.hierarchy.impl.HierarchyConfig$JcrPath">                 
                    <field  name="alias"><string>exoApplicationDataNode</string></field>
                    <field  name="path"><string>/Application Data</string></field>
                    <field name="mixinTypes">
                      <collection type="java.util.ArrayList">
                        <value><string>exo:hiddenable</string></value>
                      </collection>
                    </field>
                    <field name="permissions">
                      <collection type="java.util.ArrayList">               
                        <value>                            
                          <object type="org.exoplatform.services.jcr.ext.hierarchy.impl.HierarchyConfig$Permission">             
                            <field name="identity"><string>*:/platform/administrators</string></field>
                            <field name="read"><string>true</string></field>                
                            <field name="addNode"><string>true</string></field>                
                            <field name="setProperty"><string>true</string></field>                
                            <field name="remove"><string>true</string></field>                
                          </object>  
                        </value>
                        <value>                            
                          <object type="org.exoplatform.services.jcr.ext.hierarchy.impl.HierarchyConfig$Permission">             
                            <field name="identity"><string>*:/platform/users</string></field>
                            <field name="read"><string>true</string></field>                
                            <field name="addNode"><string>true</string></field>                
                            <field name="setProperty"><string>true</string></field>                
                            <field name="remove"><string>true</string></field>                
                          </object>  
                        </value>
                      </collection>
                    </field>                       
                  </object>
                </value>
                
                <value>               
                  <object type="org.exoplatform.services.jcr.ext.hierarchy.impl.HierarchyConfig$JcrPath">                 
                    <field  name="alias"><string>exoPublicTagNode</string></field>
                    <field  name="path"><string>/tags</string></field>
                    <field name="permissions">
                      <collection type="java.util.ArrayList">               
                        <value>                            
                          <object type="org.exoplatform.services.jcr.ext.hierarchy.impl.HierarchyConfig$Permission">             
                            <field name="identity"><string>*:/platform/administrators</string></field>
                            <field name="read"><string>true</string></field>                
                            <field name="addNode"><string>true</string></field>                
                            <field name="setProperty"><string>true</string></field>                
                            <field name="remove"><string>true</string></field>                
                          </object>  
                        </value>
                        <value>                            
                          <object type="org.exoplatform.services.jcr.ext.hierarchy.impl.HierarchyConfig$Permission">             
                            <field name="identity"><string>*:/platform/users</string></field>
                            <field name="read"><string>true</string></field>                
                            <field name="addNode"><string>true</string></field>                
                            <field name="setProperty"><string>true</string></field>                
                            <field name="remove"><string>true</string></field>                
                          </object>  
                        </value>
                      </collection>
                    </field>                       
                  </object>
                </value>

              </collection>                               
            </field>
          </object>
        </object-param>
      </init-params>            
    </component-plugin>
  </external-component-plugins>
    
</configuration>